[2019-02-07 03:40:31] START
[2019-02-07 03:51:11] EDIT garden/modules/g_calendar.py: 0
[2019-02-07 03:56:51] EDIT garden/modules/g_calendar.py: 2
[2019-02-07 03:57:07] EDIT garden/modules/g_calendar.py: 0
[2019-02-07 03:57:26] EDIT garden/modules/tables.py: 1
[2019-02-07 03:59:12] EDIT garden/controllers/default.py: 0
[2019-02-07 04:00:26] EDIT garden/controllers/default.py: 0
[2019-02-07 04:01:09] EDIT garden/controllers/default.py: 0
[2019-02-07 04:01:32] EDIT garden/controllers/default.py: 0
[2019-02-07 04:02:11] EDIT garden/modules/g_calendar.py: 0
[2019-02-07 04:02:28] EDIT garden/modules/g_calendar.py: 0
[2019-02-07 04:03:09] EDIT garden/controllers/default.py: 0
[2019-02-07 04:04:01] EDIT garden/controllers/default.py: 0
[2019-02-07 04:04:19] EDIT garden/controllers/default.py: 0
[2019-02-07 04:04:48] EDIT garden/views/default/index.html: 0
[2019-02-06 20:07:23] EDIT garden/controllers/default.py: 0
[2019-02-06 20:07:46] EDIT garden/views/default/index.html: 0
[2019-02-06 20:10:24] EDIT garden/controllers/default.py: 0
[2019-02-06 20:10:33] EDIT garden/controllers/default.py: 0
[2019-02-06 20:14:07] EDIT garden/modules/g_calendar.py: 2
[2019-02-06 20:14:17] EDIT garden/modules/g_calendar.py: -1
[2019-02-06 20:17:10] EDIT garden/controllers/default.py: 0
[2019-02-06 20:17:55] EDIT garden/modules/g_calendar.py: 2
[2019-02-06 20:18:15] EDIT garden/controllers/default.py: 1
[2019-02-06 20:18:21] EDIT garden/controllers/default.py: 0
[2019-02-06 20:18:45] EDIT garden/modules/g_calendar.py: 0
[2019-02-06 20:20:23] EDIT garden/modules/g_calendar.py: 0
[2019-02-06 20:22:00] EDIT garden/modules/g_calendar.py: 0
[2019-02-06 20:28:31] CREATE globals.py: 0
[2019-02-06 20:29:18] EDIT garden/modules/globals.py: 9
[2019-02-06 20:29:51] EDIT garden/models/db.py: -1
[2019-02-06 20:30:15] EDIT garden/models/db.py: 0
[2019-02-06 20:31:28] EDIT garden/models/db.py: 0
[2019-02-06 20:32:21] EDIT garden/modules/globals.py: 0
[2019-02-06 20:33:20] CREATE global_vars.py: 0
[2019-02-06 20:33:48] EDIT garden/modules/global_vars.py: 9
[2019-02-06 20:33:58] EDIT garden/models/db.py: 0
[2019-02-06 20:34:02] EDIT garden/modules/g_calendar.py: 0
[2019-02-06 20:34:36] EDIT garden/modules/global_vars.py: 0
[2019-02-06 20:35:11] EDIT garden/modules/tables.py: -1
[2019-02-06 20:35:42] EDIT garden/modules/global_vars.py: 0
[2019-02-06 20:44:28] EDIT garden/modules/g_calendar.py: -1
[2019-02-06 20:47:38] EDIT garden/modules/global_vars.py: 6
[2019-02-06 20:48:30] EDIT garden/models/menu.py: 1
[2019-02-06 20:51:30] EDIT garden/modules/global_vars.py: -1
[2019-02-06 20:52:33] EDIT garden/modules/global_vars.py: 1
[2019-02-06 20:52:39] EDIT garden/modules/global_vars.py: 1
[2019-02-06 20:54:23] EDIT garden/models/db.py: 0
[2019-02-06 20:54:35] EDIT garden/models/menu.py: -1
[2019-02-06 20:55:07] EDIT garden/modules/g_calendar.py: 0
[2019-02-06 20:55:33] EDIT garden/controllers/default.py: -1
[2019-02-06 20:56:08] EDIT garden/controllers/default.py: -1
[2019-02-06 20:56:47] EDIT garden/models/db.py: -1
[2019-02-06 20:56:51] EDIT garden/models/db.py: 2
[2019-02-06 20:57:20] EDIT garden/models/db.py: -55
[2019-02-06 20:58:18] EDIT garden/models/menu.py: 3
[2019-02-06 21:01:21] EDIT garden/modules/global_vars.py: 26
[2019-02-06 21:01:55] EDIT garden/modules/global_vars.py: 0
[2019-02-06 21:01:58] EDIT garden/modules/global_vars.py: 0
[2019-02-06 21:02:01] EDIT garden/modules/global_vars.py: 0
[2019-02-06 21:02:12] EDIT garden/models/menu.py: -2
[2019-02-06 21:02:17] EDIT garden/modules/global_vars.py: 0
[2019-02-06 21:02:52] EDIT garden/models/menu.py: 0
[2019-02-06 21:03:07] EDIT garden/modules/global_vars.py: 0
[2019-02-06 21:03:21] EDIT garden/modules/global_vars.py: 0
[2019-02-06 21:04:33] EDIT garden/models/menu.py: -1
[2019-02-06 21:05:23] EDIT garden/models/db.py: 55
[2019-02-06 21:05:41] CREATE db.py: 0
[2019-02-06 21:05:51] EDIT garden/modules/db.py: 55
[2019-02-06 21:06:03] EDIT garden/models/db.py: -55
[2019-02-06 21:06:46] EDIT garden/modules/db.py: -2
[2019-02-06 21:08:31] EDIT garden/modules/db.py: 1
[2019-02-06 21:09:25] EDIT garden/modules/db.py: -5
[2019-02-06 21:10:42] EDIT garden/modules/db.py: 0
[2019-02-06 21:11:22] EDIT garden/models/db.py: 55
[2019-02-06 21:13:16] EDIT garden/modules/global_vars.py: -32
[2019-02-06 21:14:11] EDIT garden/modules/db.py: 1
[2019-02-06 21:15:20] EDIT garden/modules/global_vars.py: -2
[2019-02-06 21:15:58] EDIT garden/modules/g_calendar.py: 1
[2019-02-06 21:17:59] EDIT garden/modules/global_vars.py: -2
[2019-02-06 21:18:01] EDIT garden/modules/global_vars.py: 0
[2019-02-06 21:20:36] EDIT garden/models/db.py: 1
[2019-02-06 21:20:38] EDIT garden/models/db.py: 0
[2019-02-06 21:21:21] EDIT garden/modules/db.py: 1
[2019-02-06 21:22:02] EDIT garden/modules/g_calendar.py: -1
[2019-02-06 21:22:35] EDIT garden/modules/global_vars.py: 1
[2019-02-06 21:22:37] EDIT garden/modules/global_vars.py: 0
[2019-02-06 21:22:41] EDIT garden/modules/db.py: 0
[2019-02-06 21:23:42] EDIT garden/modules/db.py: 0
[2019-02-06 21:24:22] EDIT garden/modules/global_vars.py: -3
[2019-02-06 21:24:48] EDIT garden/modules/db.py: 3
[2019-02-06 21:25:12] EDIT garden/modules/global_vars.py: -3
[2019-02-06 21:25:42] EDIT garden/modules/db.py: 3
[2019-02-06 21:27:15] EDIT garden/modules/tables.py: 1
[2019-02-06 21:28:02] EDIT garden/models/db.py: 1
[2019-02-06 21:28:58] EDIT garden/modules/tables.py: 3
[2019-02-06 21:29:37] EDIT garden/modules/tables.py: -3
[2019-02-06 21:30:09] EDIT garden/modules/tables.py: 1
[2019-02-06 21:30:35] EDIT garden/modules/tables.py: 5
[2019-02-06 21:31:58] EDIT garden/modules/global_vars.py: 2
[2019-02-06 21:32:03] EDIT garden/modules/db.py: -2
[2019-02-06 21:33:15] EDIT garden/modules/global_vars.py: 4
[2019-02-06 21:33:26] EDIT garden/modules/db.py: -5
[2019-02-06 21:33:55] EDIT garden/modules/global_vars.py: 1
[2019-02-06 21:34:01] EDIT garden/modules/tables.py: -6
[2019-02-06 21:34:15] EDIT garden/models/db.py: -2
[2019-02-06 21:34:24] EDIT garden/modules/db.py: 0
[2019-02-06 21:34:51] EDIT garden/modules/global_vars.py: 0
[2019-02-06 21:34:55] EDIT garden/modules/global_vars.py: 0
[2019-02-06 21:35:13] EDIT garden/modules/tables.py: 1
[2019-02-06 21:35:18] EDIT garden/modules/db.py: 0
[2019-02-06 21:35:56] EDIT garden/modules/global_vars.py: 0
[2019-02-06 21:36:16] EDIT garden/models/db.py: -1
[2019-02-06 21:37:53] EDIT garden/modules/tables.py: -1
[2019-02-06 21:38:18] EDIT garden/models/db.py: 1
[2019-02-06 21:39:11] EDIT garden/modules/db.py: 0
[2019-02-06 21:40:01] EDIT garden/modules/db.py: 0
[2019-02-06 21:40:12] EDIT garden/controllers/default.py: 1
[2019-02-06 21:41:28] EDIT garden/controllers/default.py: 0
[2019-02-06 21:42:21] CREATE events.py: 0
[2019-02-06 21:42:46] EDIT garden/modules/events.py: 60
[2019-02-06 21:45:08] EDIT garden/controllers/default.py: 0
[2019-02-06 21:46:15] EDIT garden/modules/globals.py: -1
[2019-02-06 21:46:36] EDIT garden/models/db.py: 0
[2019-02-06 21:46:41] EDIT garden/modules/tables.py: 0
[2019-02-06 21:46:49] EDIT garden/modules/db.py: 0
[2019-02-06 21:49:34] EDIT garden/modules/events.py: 2
[2019-02-06 21:49:42] EDIT garden/modules/events.py: 0
[2019-02-06 21:49:58] EDIT garden/modules/events.py: 0
[2019-02-06 21:50:00] EDIT garden/modules/events.py: 0
[2019-02-06 21:50:43] EDIT garden/modules/events.py: 0
[2019-02-06 21:51:33] EDIT garden/modules/events.py: -1
[2019-02-06 21:52:19] EDIT garden/views/default/index.html: 1
[2019-02-06 21:52:29] EDIT garden/views/default/index.html: -1
[2019-02-06 21:54:34] EDIT garden/modules/events.py: 0
[2019-02-06 21:58:45] EDIT garden/modules/globals.py: 0
[2019-02-06 21:58:49] EDIT garden/modules/tables.py: 0
[2019-02-06 22:01:45] CREATE handle_events.py: 0
[2019-02-06 22:05:00] EDIT garden/modules/handle_events.py: 5
[2019-02-06 22:08:04] EDIT garden/modules/handle_events.py: 0
[2019-02-06 22:09:31] EDIT garden/modules/handle_events.py: 2
[2019-02-06 22:09:47] EDIT garden/modules/handle_events.py: 0
[2019-02-06 22:10:03] EDIT garden/modules/handle_events.py: 0
[2019-02-06 22:10:24] EDIT garden/modules/handle_events.py: 0
[2019-02-06 22:10:41] EDIT garden/modules/handle_events.py: 0
[2019-02-06 22:13:04] EDIT garden/modules/handle_events.py: 0
[2019-02-06 22:15:14] EDIT garden/views/default/index.html: 1
[2019-02-06 22:16:08] EDIT garden/modules/globals.py: -2
[2019-02-06 22:16:20] EDIT garden/modules/globals.py: 2
[2019-02-06 22:17:13] EDIT garden/modules/globals.py: 0
[2019-02-06 22:21:52] EDIT garden/modules/events.py: 1
[2019-02-06 22:24:28] EDIT garden/modules/tables.py: 1
[2019-02-06 22:30:26] EDIT garden/modules/events.py: 7
[2019-02-06 22:34:19] EDIT garden/modules/events.py: 3
[2019-02-06 22:34:43] EDIT garden/modules/events.py: 1
[2019-02-06 22:34:50] EDIT garden/modules/events.py: 0
[2019-02-06 22:35:05] EDIT garden/modules/events.py: 0
[2019-02-06 22:35:37] EDIT garden/modules/events.py: -2
[2019-02-06 22:36:41] EDIT garden/modules/events.py: 0
[2019-02-06 22:37:03] EDIT garden/modules/events.py: 0
[2019-02-06 22:38:13] EDIT garden/modules/globals.py: 0
[2019-02-06 22:39:37] EDIT garden/modules/events.py: 3
[2019-02-06 22:41:34] EDIT garden/modules/events.py: -1
[2019-02-06 22:41:57] EDIT garden/modules/events.py: -3
[2019-02-06 22:43:19] EDIT garden/modules/events.py: 0
[2019-02-06 22:43:21] EDIT garden/modules/events.py: 0
[2019-02-06 22:43:27] EDIT garden/modules/events.py: 0
[2019-02-06 22:44:00] EDIT garden/modules/events.py: 0
[2019-02-06 22:45:36] EDIT garden/modules/events.py: 0
[2019-02-06 22:45:52] EDIT garden/modules/events.py: 0
[2019-02-06 22:46:07] EDIT garden/modules/handle_events.py: -1
[2019-02-06 22:47:34] EDIT garden/modules/events.py: 1
[2019-02-06 22:49:35] EDIT garden/modules/events.py: 0
[2019-02-06 22:50:20] EDIT garden/modules/events.py: 0
[2019-02-06 22:50:32] EDIT garden/modules/events.py: -1
[2019-02-06 22:51:17] EDIT garden/modules/events.py: 0
[2019-02-06 22:52:32] EDIT garden/modules/handle_events.py: 2
[2019-02-06 22:52:49] EDIT garden/modules/handle_events.py: 0
[2019-02-06 22:54:46] EDIT garden/modules/handle_events.py: 0
[2019-02-06 22:55:13] EDIT garden/modules/handle_events.py: 0
[2019-02-06 23:04:28] EDIT garden/modules/events.py: 12
[2019-02-06 23:04:36] EDIT garden/modules/handle_events.py: 0
[2019-02-06 23:06:49] EDIT garden/modules/handle_events.py: 0
[2019-02-06 23:06:54] EDIT garden/modules/handle_events.py: 0
[2019-02-06 23:18:34] EDIT garden/modules/globals.py: 0
[2019-02-06 23:18:53] EDIT garden/modules/db.py: 14
[2019-02-06 23:20:34] EDIT garden/modules/db.py: 5
[2019-02-06 23:20:53] EDIT garden/modules/db.py: 0
[2019-02-06 23:22:32] EDIT garden/modules/db.py: 0
[2019-02-06 23:22:59] EDIT garden/modules/globals.py: -1
[2019-02-06 23:23:26] EDIT garden/models/db.py: 1
[2019-02-06 23:23:47] EDIT garden/modules/globals.py: 0
[2019-02-06 23:31:10] DELETE garden/modules/g_calendar.py: -61
[2019-02-06 23:31:20] DELETE garden/modules/garden.py: -1
[2019-02-06 23:31:29] DELETE garden/modules/global_vars.py: -9
[2019-02-06 23:39:42] EDIT garden/modules/events.py: 6
[2019-02-06 23:40:13] DELETE garden/modules/handle_events.py: -9
[2019-02-06 23:40:22] DELETE garden/modules/tables.py: -15
[2019-02-06 23:40:35] DELETE garden/modules/DB.py: -10
[2019-02-06 23:42:22] EDIT garden/modules/db.py: 0
[2019-02-06 23:42:38] EDIT garden/modules/globals.py: 1
[2019-02-06 23:42:56] EDIT garden/modules/globals.py: 0
[2019-02-06 23:43:06] EDIT garden/modules/db.py: 0
[2019-02-06 23:43:30] EDIT garden/modules/db.py: 0
[2019-02-06 23:46:51] EDIT garden/private/appconfig.ini: 0
[2019-02-06 23:47:05] EDIT garden/views/default/index.html: -1
[2019-02-06 23:52:09] EDIT garden/modules/events.py: 1
[2019-02-06 23:54:12] EDIT garden/modules/events.py: 0
[2019-02-06 23:54:15] EDIT garden/modules/events.py: 0
[2019-02-06 23:56:10] EDIT garden/modules/events.py: 0
[2019-02-07 00:06:06] EDIT garden/modules/events.py: 8
[2019-02-07 00:06:21] EDIT garden/modules/events.py: 1
[2019-02-07 00:06:32] CREATE outlets.py: 0
[2019-02-07 00:07:10] EDIT garden/modules/outlets.py: 0
[2019-02-07 00:13:48] EDIT garden/modules/outlets.py: 7
[2019-02-07 00:13:59] EDIT garden/modules/outlets.py: 0
[2019-02-07 00:17:12] EDIT garden/modules/outlets.py: 8
[2019-02-07 00:17:47] EDIT garden/modules/outlets.py: 0
[2019-02-07 00:17:50] EDIT garden/modules/outlets.py: 0
[2019-02-07 00:20:47] EDIT garden/modules/outlets.py: 2
[2019-02-07 00:21:36] EDIT garden/modules/outlets.py: 0
[2019-02-07 00:22:52] EDIT garden/modules/db.py: 1
[2019-02-07 00:24:39] EDIT garden/modules/outlets.py: 0
[2019-02-07 00:25:03] EDIT garden/modules/events.py: 1
[2019-02-07 00:25:38] EDIT garden/modules/events.py: 0
[2019-02-07 00:26:12] EDIT garden/modules/events.py: -1
[2019-02-07 00:40:10] EDIT garden/modules/outlets.py: 1
[2019-02-07 00:47:54] EDIT garden/modules/outlets.py: 0
[2019-02-07 00:49:12] EDIT garden/modules/outlets.py: 1
[2019-02-07 00:56:59] EDIT garden/modules/events.py: 8
[2019-02-07 00:57:49] EDIT garden/modules/events.py: 0
[2019-02-07 00:58:08] EDIT garden/modules/events.py: 1
[2019-02-07 00:58:27] EDIT garden/modules/events.py: 2
[2019-02-07 00:58:37] EDIT garden/modules/events.py: 0
[2019-02-07 00:59:45] EDIT garden/modules/events.py: 1
[2019-02-07 01:11:30] EDIT garden/modules/events.py: 0
[2019-02-07 01:14:15] EDIT garden/modules/events.py: 1
[2019-02-07 01:17:25] EDIT garden/modules/events.py: -1
[2019-02-07 01:18:13] EDIT garden/modules/events.py: 0
[2019-02-07 01:24:02] EDIT garden/modules/events.py: 0
[2019-02-07 01:41:45] EDIT garden/modules/events.py: 1
[2019-02-07 01:42:18] EDIT garden/modules/events.py: 0
[2019-02-07 01:42:28] EDIT garden/modules/events.py: 0
[2019-02-07 01:42:45] EDIT garden/modules/events.py: 0
[2019-02-07 02:11:37] EDIT garden/modules/events.py: 2
[2019-02-07 02:11:51] EDIT garden/modules/events.py: 0
[2019-02-07 02:20:04] EDIT garden/modules/events.py: 4
[2019-02-07 02:22:23] EDIT garden/modules/events.py: -1
[2019-02-07 02:24:06] EDIT garden/modules/events.py: -1
[2019-02-07 02:26:46] EDIT garden/modules/events.py: -2
[2019-02-07 02:26:53] EDIT garden/modules/events.py: -1
[2019-02-07 02:27:06] EDIT garden/modules/events.py: -1
[2019-02-07 02:31:09] EDIT garden/modules/events.py: 2
[2019-02-07 02:32:14] EDIT garden/modules/events.py: 0
[2019-02-07 02:35:27] EDIT garden/modules/events.py: 0
[2019-02-07 02:36:18] EDIT garden/modules/events.py: 0
[2019-02-07 02:40:29] EDIT garden/modules/events.py: 1
[2019-02-07 02:40:47] EDIT garden/modules/events.py: -1
[2019-02-07 02:41:05] EDIT garden/modules/events.py: 0
[2019-02-07 02:41:15] EDIT garden/modules/events.py: 0
[2019-02-07 02:41:31] EDIT garden/modules/events.py: 0
[2019-02-07 02:42:18] EDIT garden/modules/events.py: -2
[2019-02-07 02:44:05] EDIT garden/modules/events.py: 1
[2019-02-07 02:44:22] EDIT garden/modules/events.py: 0
[2019-02-07 02:46:09] EDIT garden/modules/events.py: -1
[2019-02-07 02:49:59] EDIT garden/modules/outlets.py: 0
[2019-02-07 02:51:51] EDIT garden/modules/outlets.py: 0
[2019-02-07 02:53:28] EDIT garden/modules/outlets.py: -2
[2019-02-07 02:59:41] EDIT garden/modules/events.py: 0
[2019-02-07 03:00:11] EDIT garden/modules/events.py: 0
[2019-02-07 18:25:29] EDIT garden/views/default/index.html: -44
[2019-02-07 18:27:34] EDIT garden/views/layout.html: -1
[2019-02-07 18:35:38] EDIT garden/views/default/index.html: 12
[2019-02-07 18:35:40] EDIT garden/views/default/index.html: 0
[2019-02-07 18:37:28] EDIT garden/views/default/index.html: 1
[2019-02-07 18:38:16] EDIT garden/views/default/index.html: 3
[2019-02-07 18:40:26] EDIT garden/views/default/index.html: 3
[2019-02-07 18:41:30] EDIT garden/views/default/index.html: 0
[2019-02-07 18:42:04] EDIT garden/views/default/index.html: 1
[2019-02-07 18:42:40] EDIT garden/views/default/index.html: -1
[2019-02-07 18:43:03] EDIT garden/views/default/index.html: 1
[2019-02-07 18:44:00] EDIT garden/views/default/index.html: 1
[2019-02-07 18:45:11] EDIT garden/views/default/index.html: 1
[2019-02-07 18:48:16] EDIT garden/views/default/index.html: 0
[2019-02-07 18:48:36] EDIT garden/views/default/index.html: 1
[2019-02-07 18:49:22] EDIT garden/views/default/index.html: 0
[2019-02-07 18:49:56] EDIT garden/views/default/index.html: 1
[2019-02-07 18:50:18] EDIT garden/views/default/index.html: 0
[2019-02-07 18:50:35] EDIT garden/views/default/index.html: 1
[2019-02-07 18:50:44] EDIT garden/views/default/index.html: 0
[2019-02-07 18:50:57] EDIT garden/views/default/index.html: 0
[2019-02-07 18:51:21] EDIT garden/views/default/index.html: 2
[2019-02-07 18:51:40] EDIT garden/views/default/index.html: 0
[2019-02-07 18:51:49] EDIT garden/views/default/index.html: 0
[2019-02-07 18:51:52] EDIT garden/views/default/index.html: 0
[2019-02-07 18:52:50] EDIT garden/views/default/index.html: 0
[2019-02-07 18:53:00] EDIT garden/views/default/index.html: 0
[2019-02-07 18:53:09] EDIT garden/views/default/index.html: 0
[2019-02-07 18:54:16] EDIT garden/views/default/index.html: 2
[2019-02-07 18:54:35] EDIT garden/views/default/index.html: -2
[2019-02-07 18:55:21] EDIT garden/views/default/index.html: 0
[2019-02-07 18:55:57] EDIT garden/views/default/index.html: 0
[2019-02-07 18:57:24] EDIT garden/views/default/index.html: 0
[2019-02-07 18:57:53] EDIT garden/views/default/index.html: 0
[2019-02-07 18:58:03] EDIT garden/views/default/index.html: 0
[2019-02-07 18:58:19] EDIT garden/views/default/index.html: 0
[2019-02-07 19:01:27] EDIT garden/views/default/index.html: 1
[2019-02-07 19:02:14] EDIT garden/views/default/index.html: 2
[2019-02-07 19:03:07] EDIT garden/views/default/index.html: 5
[2019-02-07 19:04:42] EDIT garden/controllers/default.py: 4
[2019-02-07 19:05:22] EDIT garden/controllers/default.py: 0
[2019-02-07 19:05:34] EDIT garden/controllers/default.py: 0
[2019-02-07 19:06:46] EDIT garden/views/default/index.html: 0
[2019-02-07 19:07:54] EDIT garden/views/default/index.html: 1
[2019-02-07 19:08:39] EDIT garden/views/default/index.html: 1
[2019-02-07 19:09:04] EDIT garden/views/default/index.html: 1
[2019-02-07 19:11:28] EDIT garden/views/default/index.html: 15
[2019-02-07 19:12:07] EDIT garden/views/default/index.html: -1
[2019-02-07 19:12:19] EDIT garden/views/default/index.html: 0
[2019-02-07 19:12:51] EDIT garden/views/default/index.html: -1
[2019-02-07 19:13:49] EDIT garden/views/default/index.html: -1
[2019-02-07 19:17:03] EDIT garden/views/default/index.html: 1
[2019-02-07 19:17:16] EDIT garden/views/default/index.html: 0
[2019-02-07 19:20:01] EDIT garden/modules/events.py: 2
[2019-02-07 19:20:27] EDIT garden/controllers/default.py: 1
[2019-02-07 19:20:47] EDIT garden/controllers/default.py: 0
[2019-02-07 19:22:01] EDIT garden/modules/outlets.py: 1
[2019-02-07 19:22:14] EDIT garden/modules/outlets.py: 0
[2019-02-07 19:22:44] EDIT garden/views/default/index.html: 0
[2019-02-07 19:23:54] EDIT garden/views/default/index.html: 3
[2019-02-07 19:24:16] EDIT garden/views/default/index.html: 0
[2019-02-07 19:24:37] EDIT garden/views/default/index.html: 1
[2019-02-07 19:24:54] EDIT garden/views/default/index.html: 1
[2019-02-07 19:26:19] EDIT garden/views/default/index.html: 2
[2019-02-07 19:27:18] EDIT garden/views/default/index.html: 0
[2019-02-07 19:27:57] EDIT garden/views/default/index.html: 0
[2019-02-07 19:30:39] EDIT garden/views/default/index.html: 0
[2019-02-07 19:30:58] EDIT garden/views/default/index.html: 0
[2019-02-07 19:31:17] EDIT garden/views/default/index.html: 0
[2019-02-07 19:32:18] EDIT garden/views/default/index.html: 0
[2019-02-07 19:32:35] EDIT garden/views/default/index.html: 0
[2019-02-07 19:32:54] EDIT garden/views/default/index.html: 0
[2019-02-07 19:33:03] EDIT garden/views/default/index.html: 0
[2019-02-07 19:34:08] EDIT garden/views/default/index.html: 0
[2019-02-07 19:36:30] EDIT garden/views/default/index.html: 0
[2019-02-07 19:36:38] EDIT garden/views/default/index.html: 0
[2019-02-07 19:38:23] EDIT garden/views/default/index.html: 4
[2019-02-07 19:41:31] EDIT garden/views/default/index.html: 3
[2019-02-07 19:41:52] EDIT garden/views/default/index.html: 0
[2019-02-07 19:42:12] EDIT garden/views/default/index.html: 0
[2019-02-07 19:42:46] EDIT garden/views/default/index.html: 0
[2019-02-07 19:43:42] EDIT garden/views/default/index.html: 1
[2019-02-07 19:43:53] EDIT garden/views/default/index.html: 3
[2019-02-07 19:44:32] EDIT garden/views/default/index.html: -2
[2019-02-07 19:45:19] EDIT garden/views/default/index.html: 2
[2019-02-07 19:46:35] EDIT garden/views/default/index.html: 0
[2019-02-07 19:47:02] EDIT garden/views/default/index.html: 0
[2019-02-07 19:47:24] EDIT garden/views/default/index.html: 0
[2019-02-07 19:49:05] EDIT garden/views/default/index.html: 3
[2019-02-07 19:49:14] EDIT garden/views/default/index.html: 1
[2019-02-07 19:50:18] EDIT garden/views/default/index.html: 0
[2019-02-07 19:51:40] EDIT garden/views/default/index.html: 0
[2019-02-07 19:51:59] EDIT garden/views/default/index.html: 0
[2019-02-07 19:52:08] EDIT garden/views/default/index.html: 0
[2019-02-07 19:52:19] EDIT garden/views/default/index.html: 0
[2019-02-07 19:52:30] EDIT garden/views/default/index.html: 0
[2019-02-07 19:52:40] EDIT garden/views/default/index.html: 0
[2019-02-07 19:52:50] EDIT garden/views/default/index.html: 0
[2019-02-07 19:53:30] EDIT garden/views/default/index.html: 0
[2019-02-07 19:55:05] EDIT garden/views/default/index.html: 0
[2019-02-07 19:57:13] EDIT garden/views/default/index.html: 0
[2019-02-07 19:57:57] EDIT garden/views/default/index.html: 0
[2019-02-07 19:58:25] EDIT garden/views/default/index.html: 1
[2019-02-07 19:59:05] EDIT garden/views/default/index.html: 1
[2019-02-07 20:00:15] EDIT garden/modules/outlets.py: 1
[2019-02-07 20:00:24] EDIT garden/views/default/index.html: 0
[2019-02-07 20:09:07] EDIT garden/views/default/index.html: 20
[2019-02-07 20:13:54] EDIT garden/views/default/index.html: 12
[2019-02-07 20:18:25] EDIT garden/views/default/index.html: -5
[2019-02-07 20:18:56] EDIT garden/views/default/index.html: 0
[2019-02-07 20:19:30] EDIT garden/views/default/index.html: -13
[2019-02-07 20:25:15] EDIT garden/views/default/index.html: 0
[2019-02-07 20:27:34] EDIT garden/controllers/default.py: 4
[2019-02-07 20:28:13] EDIT garden/views/default/index.html: 1
[2019-02-07 20:29:40] EDIT garden/modules/outlets.py: 0
[2019-02-07 20:30:34] EDIT garden/modules/outlets.py: 0
[2019-02-07 20:31:08] EDIT garden/controllers/default.py: 0
[2019-02-07 20:32:06] EDIT garden/modules/outlets.py: 1
[2019-02-07 20:33:52] EDIT garden/modules/outlets.py: -1
[2019-02-07 20:34:38] EDIT garden/modules/outlets.py: 0
[2019-02-07 20:34:41] EDIT garden/modules/outlets.py: -1
[2019-02-07 20:35:54] EDIT garden/controllers/default.py: 0
[2019-02-07 20:37:11] EDIT garden/controllers/default.py: 0
[2019-02-07 20:37:17] EDIT garden/views/default/index.html: 0
[2019-02-07 20:38:08] EDIT garden/views/default/index.html: 0
[2019-02-07 20:39:10] EDIT garden/controllers/default.py: 0
[2019-02-07 20:39:29] EDIT garden/views/default/index.html: 0
[2019-02-07 20:41:11] EDIT garden/controllers/default.py: 0
[2019-02-07 20:44:10] EDIT garden/views/default/index.html: 1
[2019-02-07 20:45:03] EDIT garden/views/default/index.html: 0
[2019-02-07 20:45:40] EDIT garden/views/default/index.html: 0
[2019-02-07 20:45:47] EDIT garden/views/default/index.html: 0
[2019-02-07 20:47:11] EDIT garden/modules/outlets.py: 0
[2019-02-07 20:48:07] EDIT garden/views/default/index.html: 0
[2019-02-07 20:48:47] EDIT garden/modules/outlets.py: 0
[2019-02-07 20:49:00] EDIT garden/modules/outlets.py: 0
[2019-02-07 20:49:56] EDIT garden/controllers/default.py: -2
[2019-02-07 20:51:00] CREATE test.py: 0
[2019-02-07 20:53:39] EDIT garden/controllers/default.py: 1
[2019-02-07 20:53:47] EDIT garden/controllers/default.py: 1
[2019-02-07 20:54:19] EDIT garden/controllers/default.py: 0
[2019-02-07 20:55:46] EDIT garden/controllers/default.py: 0
[2019-02-07 20:56:08] EDIT garden/controllers/default.py: 0
[2019-02-07 20:58:24] EDIT garden/views/default/index.html: 0
[2019-02-07 20:58:39] EDIT garden/controllers/default.py: 0
[2019-02-07 20:59:19] EDIT garden/controllers/default.py: 0
[2019-02-07 21:00:00] EDIT garden/controllers/default.py: 0
[2019-02-07 21:00:04] EDIT garden/views/default/index.html: 0
[2019-02-07 21:00:18] EDIT garden/modules/outlets.py: -2
[2019-02-07 21:01:10] EDIT garden/views/default/index.html: 1
[2019-02-07 21:01:52] EDIT garden/views/default/index.html: 0
[2019-02-07 21:02:58] EDIT garden/views/default/index.html: 0
[2019-02-07 21:03:39] EDIT garden/views/default/index.html: 0
[2019-02-07 21:04:01] EDIT garden/views/default/index.html: 0
[2019-02-07 21:04:31] EDIT garden/views/default/index.html: -1
[2019-02-07 21:04:32] EDIT garden/views/default/index.html: 0
[2019-02-07 21:05:40] EDIT garden/controllers/default.py: 0
[2019-02-07 21:05:49] EDIT garden/controllers/default.py: 0
[2019-02-07 21:07:15] EDIT garden/views/default/index.html: 0
[2019-02-07 21:07:32] EDIT garden/controllers/default.py: 0
[2019-02-07 21:07:49] EDIT garden/controllers/default.py: -1
[2019-02-07 21:09:06] EDIT garden/controllers/default.py: 1
[2019-02-07 21:09:51] EDIT garden/views/default/index.html: 0
[2019-02-07 21:10:03] EDIT garden/controllers/default.py: 0
[2019-02-07 21:12:33] EDIT garden/modules/events.py: 0
[2019-02-07 21:13:09] EDIT garden/modules/events.py: 0
[2019-02-07 21:14:21] EDIT garden/controllers/default.py: -2
[2019-02-07 21:15:06] EDIT garden/views/default/index.html: 1
[2019-02-07 21:15:42] EDIT garden/controllers/default.py: 0
[2019-02-07 21:16:26] EDIT garden/views/default/index.html: 0
[2019-02-07 21:17:16] EDIT garden/views/default/index.html: 0
[2019-02-07 21:18:59] EDIT garden/controllers/default.py: 0
[2019-02-07 21:19:29] EDIT garden/views/default/index.html: -1
[2019-02-07 21:23:37] EDIT garden/views/default/index.html: 1
[2019-02-07 21:23:39] EDIT garden/views/default/index.html: 0
[2019-02-07 21:24:31] EDIT garden/controllers/default.py: 0
[2019-02-07 21:25:21] EDIT garden/controllers/default.py: 0
[2019-02-07 21:27:19] EDIT garden/controllers/default.py: 1
[2019-02-07 21:27:54] EDIT garden/views/default/index.html: 0
[2019-02-07 21:29:24] EDIT garden/views/default/index.html: 0
[2019-02-07 21:30:52] EDIT garden/modules/outlets.py: 0
[2019-02-07 21:31:12] EDIT garden/views/default/index.html: 0
[2019-02-07 21:31:34] EDIT garden/controllers/default.py: 0
[2019-02-07 21:33:05] EDIT garden/views/default/index.html: -1
[2019-02-07 21:33:39] EDIT garden/modules/events.py: 0
[2019-02-07 21:37:00] EDIT garden/modules/outlets.py: 2
[2019-02-07 21:37:07] EDIT garden/modules/outlets.py: 0
[2019-02-07 21:38:29] EDIT garden/controllers/default.py: 1
[2019-02-07 21:38:34] EDIT garden/controllers/default.py: 1
[2019-02-07 21:38:50] EDIT garden/controllers/default.py: 0
[2019-02-07 21:40:42] EDIT garden/modules/outlets.py: 1
[2019-02-07 21:41:46] EDIT garden/modules/outlets.py: 0
[2019-02-07 21:42:41] EDIT garden/views/default/index.html: 0
[2019-02-07 21:43:15] EDIT garden/views/default/index.html: 0
[2019-02-07 21:43:49] EDIT garden/views/default/index.html: 0
[2019-02-07 21:45:56] EDIT garden/views/default/index.html: 0
[2019-02-07 21:48:16] EDIT garden/views/default/index.html: 0
[2019-02-07 21:48:21] EDIT garden/views/default/index.html: 0
[2019-02-07 21:49:00] EDIT garden/views/default/index.html: 0
[2019-02-07 21:50:18] EDIT garden/modules/db.py: 1
[2019-02-07 21:53:09] EDIT garden/modules/outlets.py: 2
[2019-02-07 21:54:56] EDIT garden/modules/outlets.py: 0
[2019-02-07 21:55:45] EDIT garden/modules/db.py: 0
[2019-02-07 21:55:56] EDIT garden/modules/outlets.py: 0
[2019-02-07 21:56:35] EDIT garden/modules/db.py: 0
[2019-02-07 21:56:42] EDIT garden/modules/outlets.py: 0
[2019-02-07 22:00:53] EDIT garden/modules/outlets.py: 0
[2019-02-07 22:02:51] EDIT garden/modules/outlets.py: 0
[2019-02-07 22:03:26] EDIT garden/views/default/index.html: 0
[2019-02-07 22:03:54] EDIT garden/modules/outlets.py: 0
[2019-02-07 22:04:37] EDIT garden/views/default/index.html: 1
[2019-02-07 22:05:28] EDIT garden/controllers/default.py: 2
[2019-02-07 22:06:27] EDIT garden/controllers/default.py: 0
[2019-02-07 22:07:47] EDIT garden/controllers/default.py: 0
[2019-02-07 22:08:36] EDIT garden/views/default/index.html: 0
[2019-02-07 22:10:10] EDIT garden/views/default/index.html: 1
[2019-02-07 22:11:10] EDIT garden/views/default/index.html: 0
[2019-02-07 22:12:17] EDIT garden/views/default/index.html: 2
[2019-02-07 22:13:12] EDIT garden/controllers/default.py: 0
[2019-02-07 22:18:51] EDIT garden/modules/outlets.py: 8
[2019-02-07 22:19:01] EDIT garden/modules/outlets.py: 0
[2019-02-07 22:19:45] EDIT garden/modules/outlets.py: 1
[2019-02-07 22:20:31] EDIT garden/modules/outlets.py: -1
[2019-02-07 22:21:16] EDIT garden/controllers/default.py: 0
[2019-02-07 22:22:50] EDIT garden/modules/outlets.py: 0
[2019-02-07 22:25:52] EDIT garden/modules/outlets.py: -2
[2019-02-07 22:26:42] EDIT garden/views/default/index.html: -3
[2019-02-07 22:27:35] EDIT garden/controllers/default.py: -2
[2019-02-07 22:28:17] EDIT garden/modules/outlets.py: 2
[2019-02-07 22:28:57] EDIT garden/controllers/default.py: 0
[2019-02-07 22:29:53] EDIT garden/modules/outlets.py: 0
[2019-02-07 22:30:37] EDIT garden/views/default/index.html: 0
[2019-02-07 22:35:39] EDIT garden/modules/outlets.py: 6
[2019-02-07 22:36:45] EDIT garden/controllers/default.py: 1
[2019-02-07 22:38:13] EDIT garden/controllers/default.py: 0
[2019-02-07 22:39:48] EDIT garden/modules/outlets.py: 0
[2019-02-07 22:40:54] EDIT garden/modules/outlets.py: 0
[2019-02-07 22:41:33] EDIT garden/modules/outlets.py: 0
[2019-02-07 22:42:05] EDIT garden/controllers/default.py: 0
[2019-02-07 22:42:40] EDIT garden/controllers/default.py: 0
[2019-02-07 22:45:14] EDIT garden/controllers/default.py: 0
[2019-02-07 22:45:47] EDIT garden/views/default/index.html: 1
[2019-02-07 22:45:54] EDIT garden/views/default/index.html: 0
[2019-02-07 22:47:19] EDIT garden/views/default/index.html: -2
[2019-02-07 22:47:49] EDIT garden/controllers/default.py: 1
[2019-02-07 22:48:45] EDIT garden/views/default/index.html: -1
[2019-02-07 22:51:09] EDIT garden/controllers/default.py: 0
[2019-02-07 22:51:26] EDIT garden/controllers/default.py: 0
[2019-02-07 22:53:08] EDIT garden/views/default/index.html: 1
[2019-02-07 22:53:40] EDIT garden/controllers/default.py: 0
[2019-02-07 22:53:57] EDIT garden/views/default/index.html: -1
[2019-02-07 22:54:57] EDIT garden/views/default/index.html: -3
[2019-02-07 22:54:58] EDIT garden/views/default/index.html: 0
[2019-02-07 22:55:27] EDIT garden/views/default/index.html: 0
[2019-02-07 22:55:46] EDIT garden/views/default/index.html: 0
[2019-02-07 22:56:58] EDIT garden/controllers/default.py: 0
[2019-02-07 22:57:24] EDIT garden/controllers/default.py: -2
[2019-02-07 22:57:25] EDIT garden/controllers/default.py: 0
[2019-02-07 22:57:35] EDIT garden/controllers/default.py: 0
[2019-02-07 22:59:46] EDIT garden/modules/outlets.py: 7
[2019-02-07 23:01:27] EDIT garden/modules/outlets.py: 0
[2019-02-07 23:02:08] EDIT garden/controllers/default.py: 0
[2019-02-07 23:02:13] EDIT garden/views/default/index.html: 0
[2019-02-07 23:03:06] EDIT garden/views/default/index.html: 1
[2019-02-07 23:03:31] EDIT garden/views/default/index.html: -1
[2019-02-07 23:03:34] EDIT garden/views/default/index.html: 0
[2019-02-07 23:04:30] EDIT garden/views/default/index.html: 0
[2019-02-07 23:05:05] EDIT garden/controllers/default.py: 1
[2019-02-07 23:07:02] EDIT garden/controllers/default.py: 0
[2019-02-07 23:07:39] EDIT garden/views/default/index.html: 1
[2019-02-07 23:08:35] EDIT garden/controllers/default.py: 0
[2019-02-07 23:08:59] EDIT garden/controllers/default.py: 0
[2019-02-07 23:10:36] EDIT garden/views/default/index.html: 0
[2019-02-07 23:13:51] EDIT garden/views/default/index.html: 3
[2019-02-07 23:16:28] EDIT garden/views/default/index.html: 2
[2019-02-07 23:16:34] EDIT garden/views/default/index.html: -2
[2019-02-07 23:17:22] EDIT garden/views/default/index.html: 1
[2019-02-07 23:17:54] EDIT garden/views/default/index.html: 0
[2019-02-07 23:20:47] EDIT garden/controllers/default.py: 2
[2019-02-07 23:33:04] EDIT garden/controllers/default.py: 2
[2019-02-07 23:37:00] EDIT garden/controllers/default.py: 0
[2019-02-07 23:37:19] EDIT garden/views/default/index.html: 21
[2019-02-07 23:37:44] EDIT garden/views/default/index.html: 0
[2019-02-07 23:37:50] EDIT garden/views/default/index.html: 0
[2019-02-07 23:39:20] EDIT garden/views/default/index.html: 0
[2019-02-07 23:39:57] EDIT garden/views/default/index.html: 0
[2019-02-07 23:42:01] EDIT garden/controllers/default.py: 0
[2019-02-07 23:42:06] EDIT garden/controllers/default.py: 0
[2019-02-07 23:44:27] EDIT garden/views/default/index.html: 1
[2019-02-07 23:47:13] EDIT garden/views/default/index.html: 1
[2019-02-07 23:52:08] EDIT garden/controllers/default.py: 0
[2019-02-07 23:55:06] EDIT garden/views/default/index.html: -1
[2019-02-07 23:55:55] EDIT garden/controllers/default.py: 1
[2019-02-07 23:56:30] EDIT garden/controllers/default.py: -1
[2019-02-07 23:57:26] EDIT garden/controllers/default.py: 0
[2019-02-08 00:01:33] EDIT garden/views/default/index.html: 5
[2019-02-08 00:01:35] EDIT garden/views/default/index.html: 0
[2019-02-08 00:03:12] EDIT garden/views/default/index.html: 0
[2019-02-08 00:04:19] EDIT garden/views/default/index.html: 0
[2019-02-08 00:07:24] EDIT garden/views/default/index.html: 4
[2019-02-08 00:07:53] EDIT garden/views/default/index.html: 0
[2019-02-08 00:08:59] EDIT garden/views/default/index.html: 0
[2019-02-08 00:09:41] EDIT garden/views/default/index.html: 0
[2019-02-08 00:09:43] EDIT garden/views/default/index.html: 0
[2019-02-08 00:12:05] EDIT garden/views/default/index.html: 0
[2019-02-08 00:12:17] EDIT garden/views/default/index.html: 0
[2019-02-08 00:13:42] EDIT garden/views/default/index.html: 0
[2019-02-08 00:14:08] EDIT garden/views/default/index.html: 0
[2019-02-08 00:14:47] EDIT garden/views/default/index.html: 1
[2019-02-08 00:15:10] EDIT garden/views/default/index.html: 0
[2019-02-08 00:15:22] EDIT garden/views/default/index.html: 0
[2019-02-08 00:15:29] EDIT garden/views/default/index.html: 0
[2019-02-08 00:15:56] EDIT garden/views/default/index.html: 0
[2019-02-08 00:18:15] EDIT garden/views/default/index.html: 0
[2019-02-08 00:18:32] EDIT garden/views/default/index.html: 0
[2019-02-08 00:18:45] EDIT garden/views/default/index.html: 0
[2019-02-08 00:18:52] EDIT garden/views/default/index.html: 0
[2019-02-08 00:29:30] EDIT garden/modules/db.py: 1
[2019-02-08 00:34:40] EDIT garden/modules/events.py: 1
[2019-02-08 00:34:48] EDIT garden/modules/events.py: 0
[2019-02-08 00:34:58] EDIT garden/modules/events.py: -1
[2019-02-08 00:35:48] EDIT garden/modules/db.py: 0
[2019-02-08 00:36:13] EDIT garden/modules/events.py: 0
[2019-02-08 00:37:05] EDIT garden/modules/events.py: 0
[2019-02-08 00:38:41] EDIT garden/modules/events.py: 0
[2019-02-08 00:38:56] EDIT garden/modules/events.py: 0
[2019-02-08 00:40:34] EDIT garden/modules/events.py: 0
[2019-02-08 00:42:58] EDIT garden/modules/events.py: 0
[2019-02-08 00:44:49] EDIT garden/modules/events.py: 0
[2019-02-08 00:46:42] EDIT garden/modules/events.py: 0
[2019-02-08 00:47:13] EDIT garden/modules/events.py: 0
[2019-02-08 00:48:31] EDIT garden/modules/events.py: 0
[2019-02-08 00:48:55] EDIT garden/modules/events.py: 1
[2019-02-08 00:48:58] EDIT garden/modules/events.py: 0
[2019-02-08 00:49:39] EDIT garden/modules/events.py: 0
[2019-02-08 00:52:03] EDIT garden/modules/events.py: 0
[2019-02-08 01:02:15] EDIT garden/views/default/index.html: 3
[2019-02-08 01:03:25] EDIT garden/views/default/index.html: 1
[2019-02-08 01:04:38] EDIT garden/views/default/index.html: 0
[2019-02-08 01:05:02] EDIT garden/views/default/index.html: -4
[2019-02-08 01:12:49] EDIT garden/controllers/default.py: 0
[2019-02-08 01:14:45] EDIT garden/controllers/default.py: 2
[2019-02-08 01:15:59] EDIT garden/controllers/default.py: 0
[2019-02-08 01:20:35] EDIT garden/modules/outlets.py: 0
[2019-02-08 01:21:03] EDIT garden/views/default/index.html: 0
[2019-02-08 01:23:03] EDIT garden/modules/outlets.py: 0
[2019-02-08 01:23:59] EDIT garden/modules/outlets.py: -2
[2019-02-08 01:24:15] EDIT garden/modules/events.py: 0
[2019-02-08 01:25:44] EDIT garden/controllers/default.py: 0
[2019-02-08 01:39:13] EDIT garden/modules/outlets.py: 2
[2019-02-08 01:39:18] EDIT garden/modules/outlets.py: 0
[2019-02-08 02:22:22] EDIT garden/controllers/default.py: 0
[2019-02-08 15:51:54] EDIT garden/controllers/default.py: 0
[2019-02-08 15:52:44] EDIT garden/controllers/default.py: 0
[2019-02-09 13:07:40] EDIT garden/modules/outlets.py: 2
[2019-02-09 15:39:44] EDIT garden/views/default/index.html: 6
[2019-02-09 15:39:47] EDIT garden/views/default/index.html: 0
[2019-02-09 15:40:37] EDIT garden/views/default/index.html: 2
[2019-02-09 15:41:10] EDIT garden/views/default/index.html: 1
[2019-02-09 15:41:46] EDIT garden/views/default/index.html: 0
[2019-02-11 19:56:28] CREATE lights.py: 0
[2019-02-11 19:59:27] EDIT garden/modules/db.py: 6
[2019-02-11 20:05:40] EDIT garden/modules/lights.py: 40
[2019-02-11 20:10:22] EDIT garden/modules/lights.py: -2
[2019-02-11 20:11:52] EDIT garden/modules/lights.py: 3
[2019-02-11 20:13:59] EDIT garden/modules/lights.py: 0
[2019-02-11 20:14:57] EDIT garden/modules/lights.py: 0
[2019-02-11 20:15:24] EDIT garden/modules/lights.py: 1
[2019-02-11 20:15:43] EDIT garden/modules/lights.py: 0
[2019-02-11 20:16:11] EDIT garden/modules/lights.py: 0
[2019-02-11 20:16:26] EDIT garden/modules/lights.py: 0
[2019-02-11 20:16:37] EDIT garden/modules/lights.py: 0
[2019-02-11 20:17:17] EDIT garden/modules/lights.py: 0
[2019-02-11 20:24:18] EDIT garden/modules/lights.py: -11
[2019-02-11 20:26:23] EDIT garden/modules/lights.py: 2
[2019-02-11 20:28:20] EDIT garden/modules/events.py: 19
[2019-02-11 20:32:59] EDIT garden/modules/lights.py: 0
[2019-02-11 20:33:10] EDIT garden/modules/lights.py: 0
[2019-02-11 20:34:12] EDIT garden/modules/events.py: 1
[2019-02-11 20:35:09] EDIT garden/modules/events.py: 1
[2019-02-11 20:35:18] EDIT garden/modules/events.py: -1
[2019-02-11 20:35:35] EDIT garden/modules/events.py: 2
[2019-02-11 20:37:14] EDIT garden/modules/events.py: 0
[2019-02-11 20:37:40] EDIT garden/modules/events.py: 1
[2019-02-11 20:38:14] EDIT garden/modules/events.py: 0
[2019-02-11 20:38:32] EDIT garden/modules/events.py: -3
[2019-02-11 20:53:08] EDIT garden/controllers/default.py: -1
[2019-02-11 20:54:06] EDIT garden/views/default/index.html: 12
[2019-02-11 20:54:24] EDIT garden/controllers/default.py: 0
[2019-02-11 20:54:46] EDIT garden/controllers/default.py: 1
[2019-02-11 20:55:08] EDIT garden/controllers/default.py: 1
[2019-02-11 20:55:29] EDIT garden/views/default/index.html: 0
[2019-02-11 20:56:08] EDIT garden/views/default/index.html: 25
[2019-02-11 20:56:24] EDIT garden/controllers/default.py: 8
[2019-02-11 20:56:36] EDIT garden/views/default/index.html: 0
[2019-02-11 20:57:31] EDIT garden/controllers/default.py: 0
[2019-02-11 20:57:36] EDIT garden/controllers/default.py: 0
[2019-02-11 20:58:31] EDIT garden/views/default/index.html: 0
[2019-02-11 20:59:53] EDIT garden/controllers/default.py: 0
[2019-02-11 21:01:58] EDIT garden/modules/lights.py: 3
[2019-02-11 21:03:42] EDIT garden/modules/lights.py: 1
[2019-02-11 21:09:01] EDIT garden/views/default/index.html: 0
[2019-02-11 21:11:22] EDIT garden/views/default/index.html: 0
[2019-02-11 21:12:42] EDIT garden/views/default/index.html: 0
[2019-02-11 21:57:23] EDIT garden/views/default/index.html: 0
[2019-02-11 21:57:25] EDIT garden/views/default/index.html: 0
[2019-02-11 21:58:03] EDIT garden/views/default/index.html: 0
[2019-02-11 21:59:03] EDIT garden/views/default/index.html: 0
[2019-02-11 21:59:09] EDIT garden/views/default/index.html: 0
[2019-02-11 21:59:16] EDIT garden/views/default/index.html: 0
[2019-02-11 22:00:11] EDIT garden/views/default/index.html: 0
[2019-02-11 22:05:21] EDIT garden/views/default/index.html: -4
[2019-02-11 22:08:40] EDIT garden/controllers/default.py: 0
[2019-02-11 22:08:49] EDIT garden/controllers/default.py: 0
[2019-02-11 22:09:45] EDIT garden/controllers/default.py: 0
[2019-02-11 22:10:44] EDIT garden/controllers/default.py: 0
[2019-02-11 22:12:14] EDIT garden/views/default/index.html: 0
[2019-02-11 22:13:51] EDIT garden/views/default/index.html: 0
[2019-02-11 22:14:58] EDIT garden/views/default/index.html: 1
[2019-02-11 22:16:23] EDIT garden/views/default/index.html: 2
[2019-02-11 22:16:49] EDIT garden/views/default/index.html: 0
[2019-02-11 22:16:55] EDIT garden/views/default/index.html: 0
[2019-02-11 22:17:12] EDIT garden/views/default/index.html: 0
[2019-02-11 22:21:57] EDIT garden/controllers/default.py: 0
[2019-02-11 22:22:41] EDIT garden/views/default/index.html: 2
[2019-02-11 22:23:41] EDIT garden/views/default/index.html: 3
[2019-02-11 22:23:52] EDIT garden/views/default/index.html: -4
[2019-02-11 22:23:56] EDIT garden/views/default/index.html: -4
[2019-02-11 22:24:49] EDIT garden/views/default/index.html: 0
[2019-02-11 22:25:43] EDIT garden/views/default/index.html: 0
[2019-02-11 22:25:59] EDIT garden/controllers/default.py: 0
[2019-02-11 22:27:35] EDIT garden/views/default/index.html: 0
[2019-02-11 22:53:47] EDIT garden/views/default/index.html: 0
[2019-02-11 22:55:10] EDIT garden/views/default/index.html: 4
[2019-02-11 22:55:41] EDIT garden/views/default/index.html: 0
[2019-02-11 22:57:43] EDIT garden/views/default/index.html: 1
[2019-02-11 22:57:44] EDIT garden/views/default/index.html: 0
[2019-02-11 22:57:46] EDIT garden/views/default/index.html: 0
[2019-02-11 22:58:33] EDIT garden/views/default/index.html: 0
[2019-02-11 22:59:56] EDIT garden/views/default/index.html: 1
[2019-02-11 23:01:20] EDIT garden/views/default/index.html: 0
[2019-02-11 23:02:02] EDIT garden/views/default/index.html: 0
[2019-02-11 23:02:20] EDIT garden/views/default/index.html: 0
[2019-02-11 23:02:27] EDIT garden/views/default/index.html: 0
[2019-02-11 23:02:36] EDIT garden/views/default/index.html: 0
[2019-02-11 23:03:06] EDIT garden/views/default/index.html: 0
[2019-02-11 23:03:51] EDIT garden/views/default/index.html: 1
[2019-02-11 23:04:12] EDIT garden/views/default/index.html: 0
[2019-02-11 23:04:21] EDIT garden/views/default/index.html: 0
[2019-02-11 23:04:32] EDIT garden/views/default/index.html: 0
[2019-02-11 23:04:40] EDIT garden/views/default/index.html: 0
[2019-02-11 23:04:50] EDIT garden/views/default/index.html: 0
[2019-02-11 23:05:02] EDIT garden/views/default/index.html: 0
[2019-02-11 23:05:24] EDIT garden/views/default/index.html: 0
[2019-02-11 23:05:32] EDIT garden/views/default/index.html: 0
[2019-02-11 23:06:47] EDIT garden/views/default/index.html: 0
[2019-02-11 23:06:53] EDIT garden/views/default/index.html: 0
[2019-02-11 23:07:01] EDIT garden/views/default/index.html: 0
[2019-02-11 23:16:47] EDIT garden/modules/lights.py: 0
[2019-02-11 23:18:36] EDIT garden/views/default/index.html: -1
[2019-02-11 23:26:34] EDIT garden/views/default/index.html: -19
[2019-02-11 23:27:28] EDIT garden/views/default/index.html: 0
[2019-02-11 23:27:31] EDIT garden/views/default/index.html: 0
[2019-02-11 23:29:55] EDIT garden/controllers/default.py: -6
[2019-02-11 23:30:24] EDIT garden/views/default/index.html: 0
[2019-02-11 23:30:28] EDIT garden/views/default/index.html: -5
[2019-02-11 23:31:12] EDIT garden/views/default/index.html: 0
[2019-02-11 23:31:55] EDIT garden/views/default/index.html: 0
[2019-02-11 23:31:56] EDIT garden/controllers/default.py: 0
[2019-02-11 23:32:48] EDIT garden/controllers/default.py: 3
[2019-02-11 23:33:36] EDIT garden/views/default/index.html: 0
[2019-02-11 23:34:01] EDIT garden/controllers/default.py: 0
[2019-02-11 23:34:30] EDIT garden/controllers/default.py: 0
[2019-02-11 23:41:29] EDIT garden/controllers/default.py: 0
[2019-02-11 23:42:20] EDIT garden/controllers/default.py: 0
[2019-02-11 23:43:06] EDIT garden/modules/globals.py: 4
[2019-02-11 23:44:41] EDIT garden/views/default/index.html: 0
[2019-02-11 23:45:10] EDIT garden/views/default/index.html: 0
[2019-02-11 23:45:48] EDIT garden/views/default/index.html: 0
[2019-02-11 23:46:39] EDIT garden/controllers/default.py: 0
[2019-02-11 23:49:49] EDIT garden/views/default/index.html: -2
[2019-02-11 23:49:53] EDIT garden/views/default/index.html: 0
[2019-02-11 23:53:49] EDIT garden/controllers/default.py: 0
[2019-02-11 23:59:18] EDIT garden/modules/lights.py: -1
[2019-02-11 23:59:47] EDIT garden/modules/lights.py: 1
[2019-02-12 00:22:15] EDIT garden/modules/lights.py: 0
[2019-02-12 00:22:41] EDIT garden/modules/outlets.py: 0
[2019-02-12 00:22:57] EDIT garden/modules/db.py: 0
[2019-02-12 00:30:20] EDIT garden/views/default/index.html: 0
[2019-02-12 00:31:01] EDIT garden/views/default/index.html: 0
[2019-02-12 00:32:02] EDIT garden/views/default/index.html: 0
[2019-02-12 00:33:41] EDIT garden/modules/outlets.py: 0
[2019-02-12 00:34:51] EDIT garden/modules/globals.py: 0
[2019-02-12 00:34:57] EDIT garden/modules/globals.py: 0
[2019-02-12 00:36:48] EDIT garden/modules/outlets.py: 2
[2019-02-12 00:39:08] EDIT garden/modules/outlets.py: 0
[2019-02-12 00:39:28] EDIT garden/modules/outlets.py: -2
[2019-02-12 00:41:30] EDIT garden/modules/outlets.py: 0
[2019-02-12 00:50:56] EDIT garden/modules/events.py: 2
[2019-02-12 00:51:00] EDIT garden/modules/events.py: 0
[2019-02-12 00:51:06] EDIT garden/modules/events.py: 1
[2019-02-12 00:51:10] EDIT garden/modules/events.py: 0
[2019-02-12 00:51:18] EDIT garden/modules/events.py: -1
[2019-02-12 00:51:24] EDIT garden/modules/events.py: -1
[2019-02-12 01:01:18] EDIT garden/modules/events.py: 5
[2019-02-12 01:01:43] EDIT garden/modules/events.py: -1
[2019-02-12 01:03:30] EDIT garden/modules/events.py: 2
[2019-02-12 01:04:28] EDIT garden/modules/events.py: 1
[2019-02-12 01:04:30] EDIT garden/modules/events.py: 0
[2019-02-12 01:04:36] EDIT garden/modules/events.py: 0
[2019-02-12 01:05:23] EDIT garden/modules/events.py: -1
[2019-02-12 01:05:33] EDIT garden/modules/events.py: 0
[2019-02-12 01:05:35] EDIT garden/modules/events.py: 0
[2019-02-12 01:05:54] EDIT garden/modules/events.py: 0
[2019-02-12 01:06:16] EDIT garden/modules/events.py: 0
[2019-02-12 01:06:58] EDIT garden/modules/events.py: 0
[2019-02-12 01:09:58] EDIT garden/modules/events.py: -2
[2019-02-12 01:11:27] EDIT garden/modules/events.py: 0
